<?xml version="1.0" encoding="UTF-8"?>
<testsuite xmlns:xsi="http://www.w3.org/2001/XMLSchema-instance" xsi:noNamespaceSchemaLocation="https://maven.apache.org/surefire/maven-surefire-plugin/xsd/surefire-test-report.xsd" name="Login into my-store" time="27.744" tests="3" errors="0" skipped="0" failures="0">
  <properties>
[...]
</properties>
  <testcase name="Login page Title" classname="Login into my-store" time="9.719"/>
  <testcase name="Login page Log" classname="Login into my-store" time="7.17"/>
  <testcase name="Login with validate creditials" classname="Login into my-store" time="10.848"/>
</testsuite>